<?xml version="1.0" encoding="UTF-8"?>
<!-- Generated by org.testng.reporters.JUnitReportReporter -->
<testsuite hostname="Suraj_Pagare" failures="0" tests="1" name="test_cases.Tc1Test" time="0.012" errors="0" timestamp="2023-01-08T15:59:12 IST" skipped="0">
  <testcase classname="test_cases.Tc1Test" name="m1" time="0.012"/>
  <system-out>
    <![CDATA[Tc1 running
TC1 jumping]]>
  </system-out>
</testsuite> <!-- test_cases.Tc1Test -->
