<?xml version="1.0" encoding="UTF-8"?>
<!-- Generated by org.testng.reporters.JUnitReportReporter -->
<testsuite hostname="Suraj_Pagare" failures="0" tests="1" name="test_cases.Tc2Test" time="0.001" errors="0" timestamp="2023-01-04T20:43:23 IST" skipped="0">
  <testcase classname="test_cases.Tc2Test" name="m2" time="0.001"/>
  <system-out>
    <![CDATA[Tc2 running]]>
  </system-out>
</testsuite> <!-- test_cases.Tc2Test -->
